Determining if the pthread_create exist failed with the following output:
Change Dir: /home/mini/OPEL/service/build/CMakeFiles/CMakeTmp

Run Build Command:"/usr/bin/make" "cmTryCompileExec749003883/fast"
/usr/bin/make -f CMakeFiles/cmTryCompileExec749003883.dir/build.make CMakeFiles/cmTryCompileExec749003883.dir/build
make[1]: Entering directory `/home/mini/OPEL/service/build/CMakeFiles/CMakeTmp'
/usr/bin/cmake -E cmake_progress_report /home/mini/OPEL/service/build/CMakeFiles/CMakeTmp/CMakeFiles 1
Building C object CMakeFiles/cmTryCompileExec749003883.dir/CheckSymbolExists.c.o
/usr/bin/cc    -o CMakeFiles/cmTryCompileExec749003883.dir/CheckSymbolExists.c.o   -c /home/mini/OPEL/service/build/CMakeFiles/CMakeTmp/CheckSymbolExists.c
Linking C executable cmTryCompileExec749003883
/usr/bin/cmake -E cmake_link_script CMakeFiles/cmTryCompileExec749003883.dir/link.txt --verbose=1
/usr/bin/cc       CMakeFiles/cmTryCompileExec749003883.dir/CheckSymbolExists.c.o  -o cmTryCompileExec749003883 -rdynamic 
CMakeFiles/cmTryCompileExec749003883.dir/CheckSymbolExists.c.o: In function `main':
CheckSymbolExists.c:(.text+0x16): undefined reference to `pthread_create'
collect2: error: ld returned 1 exit status
make[1]: *** [cmTryCompileExec749003883] Error 1
make[1]: Leaving directory `/home/mini/OPEL/service/build/CMakeFiles/CMakeTmp'
make: *** [cmTryCompileExec749003883/fast] Error 2

File /home/mini/OPEL/service/build/CMakeFiles/CMakeTmp/CheckSymbolExists.c:
/* */
#include <pthread.h>

int main(int argc, char** argv)
{
  (void)argv;
#ifndef pthread_create
  return ((int*)(&pthread_create))[argc];
#else
  (void)argc;
  return 0;
#endif
}

Determining if the function pthread_create exists in the pthreads failed with the following output:
Change Dir: /home/mini/OPEL/service/build/CMakeFiles/CMakeTmp

Run Build Command:"/usr/bin/make" "cmTryCompileExec271549681/fast"
/usr/bin/make -f CMakeFiles/cmTryCompileExec271549681.dir/build.make CMakeFiles/cmTryCompileExec271549681.dir/build
make[1]: Entering directory `/home/mini/OPEL/service/build/CMakeFiles/CMakeTmp'
/usr/bin/cmake -E cmake_progress_report /home/mini/OPEL/service/build/CMakeFiles/CMakeTmp/CMakeFiles 1
Building C object CMakeFiles/cmTryCompileExec271549681.dir/CheckFunctionExists.c.o
/usr/bin/cc   -DCHECK_FUNCTION_EXISTS=pthread_create   -o CMakeFiles/cmTryCompileExec271549681.dir/CheckFunctionExists.c.o   -c /usr/share/cmake-3.2/Modules/CheckFunctionExists.c
Linking C executable cmTryCompileExec271549681
/usr/bin/cmake -E cmake_link_script CMakeFiles/cmTryCompileExec271549681.dir/link.txt --verbose=1
/usr/bin/cc   -DCHECK_FUNCTION_EXISTS=pthread_create    CMakeFiles/cmTryCompileExec271549681.dir/CheckFunctionExists.c.o  -o cmTryCompileExec271549681 -rdynamic -lpthreads 
/usr/bin/ld: cannot find -lpthreads
collect2: error: ld returned 1 exit status
make[1]: *** [cmTryCompileExec271549681] Error 1
make[1]: Leaving directory `/home/mini/OPEL/service/build/CMakeFiles/CMakeTmp'
make: *** [cmTryCompileExec271549681/fast] Error 2


